<?xml version="1.0" encoding="UTF-8"?>
<!-- Generated by org.testng.reporters.JUnitReportReporter -->
<testsuite hostname="DESKTOP-1U1LOV2" failures="0" tests="2" name="academy.HomePage" time="132.055" errors="0" timestamp="2021-06-11T17:29:47 IST" skipped="0">
  <testcase classname="academy.HomePage" name="basePageNavigation" time="26.016"/>
  <system-out/>
  <testcase classname="academy.HomePage" name="basePageNavigation" time="106.039"/>
  <system-out/>
</testsuite> <!-- academy.HomePage -->
